<?xml version="1.0" encoding="UTF-8"?>
<robot generator="Rebot 7.3.2 (Python 3.13.5 on win32)" generated="2025-07-08T11:55:13.105673" rpa="false" schemaversion="5">
<suite id="s1" name="Testsuit1 &amp; Testsuit1 &amp; Testsuit1">
<suite id="s1-s1" name="Testsuit1" source="D:\Project\advrobot\Test\testsuit1.robot">
<test id="s1-s1-t1" name="Search Google and Verify Results TC1001" line="16">
<kw name="Open Google">
<kw name="Get Chrome Options With Binary" owner="ChromeHelper">
<msg time="2025-07-08T11:27:24.285953" level="INFO">${chrome_options} = &lt;selenium.webdriver.chrome.options.Options object at 0x000001B057316BA0&gt;</msg>
<var>${chrome_options}</var>
<arg>D:/chrome-for-test/138.0.7204.92/chrome-win64/chrome.exe</arg>
<status status="PASS" start="2025-07-08T11:27:24.285823" elapsed="0.000156"/>
</kw>
<kw name="Open Browser" owner="SeleniumLibrary">
<msg time="2025-07-08T11:27:24.286257" level="INFO">Opening browser 'headlesschrome' to base url 'https://www.google.com'.</msg>
<arg>${URL}</arg>
<arg>${BROWSER}</arg>
<arg>options=${chrome_options}</arg>
<doc>Opens a new browser instance to the optional ``url``.</doc>
<status status="PASS" start="2025-07-08T11:27:24.286080" elapsed="2.099090"/>
</kw>
<kw name="Set Window Size" owner="SeleniumLibrary">
<arg>1920</arg>
<arg>1080</arg>
<doc>Sets current windows size to given ``width`` and ``height``.</doc>
<status status="PASS" start="2025-07-08T11:27:26.385368" elapsed="0.018717"/>
</kw>
<status status="PASS" start="2025-07-08T11:27:24.285423" elapsed="2.118994"/>
</kw>
<kw name="Input Search Term">
<kw name="Input Text" owner="SeleniumLibrary">
<msg time="2025-07-08T11:27:26.405990" level="INFO">Typing text 'robot' into text field 'name=q'.</msg>
<arg>name=q</arg>
<arg>${SEARCH_TERM1}</arg>
<doc>Types the given ``text`` into the text field identified by ``locator``.</doc>
<status status="PASS" start="2025-07-08T11:27:26.405506" elapsed="0.058806"/>
</kw>
<status status="PASS" start="2025-07-08T11:27:26.405046" elapsed="0.059454"/>
</kw>
<kw name="Enter Google Search">
<kw name="Press Keys" owner="SeleniumLibrary">
<msg time="2025-07-08T11:27:26.465598" level="INFO">Sending key(s) ('ENTER',) to name=q element.</msg>
<msg time="2025-07-08T11:27:26.755043" level="INFO">Pressing special key ENTER to element.</msg>
<msg time="2025-07-08T11:27:26.755112" level="INFO">Releasing special key ENTER.</msg>
<arg>name=q</arg>
<arg>ENTER</arg>
<doc>Simulates the user pressing key(s) to an element or on the active browser.</doc>
<status status="PASS" start="2025-07-08T11:27:26.465232" elapsed="0.297830"/>
</kw>
<status status="PASS" start="2025-07-08T11:27:26.464888" elapsed="0.298261"/>
</kw>
<kw name="Wait Until Page Contains" owner="SeleniumLibrary">
<arg>${SEARCH_RESULT1}</arg>
<arg>timeout=10s</arg>
<doc>Waits until ``text`` appears on the current page.</doc>
<status status="PASS" start="2025-07-08T11:27:26.763339" elapsed="0.073725"/>
</kw>
<kw name="Sleep" owner="BuiltIn">
<msg time="2025-07-08T11:27:31.838984" level="INFO">Slept 5 seconds.</msg>
<arg>5s</arg>
<doc>Pauses the test executed for the given time.</doc>
<status status="PASS" start="2025-07-08T11:27:26.837760" elapsed="5.001465"/>
</kw>
<kw name="Verify Search Results">
<kw name="Page Should Contain" owner="SeleniumLibrary">
<msg time="2025-07-08T11:27:31.862336" level="INFO">Current page contains text 'Robot'.</msg>
<arg>${SEARCH_RESULT1}</arg>
<doc>Verifies that current page contains ``text``.</doc>
<status status="PASS" start="2025-07-08T11:27:31.840633" elapsed="0.021790"/>
</kw>
<status status="PASS" start="2025-07-08T11:27:31.840104" elapsed="0.022398"/>
</kw>
<kw name="Capture Page Screenshot With Name">
<kw name="Get Current Date" owner="DateTime">
<msg time="2025-07-08T11:27:31.863086" level="INFO">${timestamp} = 20250708_112731</msg>
<var>${timestamp}</var>
<arg>result_format=%Y%m%d_%H%M%S</arg>
<doc>Returns current local or UTC time with an optional increment.</doc>
<status status="PASS" start="2025-07-08T11:27:31.862931" elapsed="0.000175"/>
</kw>
<kw name="Set Variable" owner="BuiltIn">
<msg time="2025-07-08T11:27:31.863283" level="INFO">${filename} = TC1001_20250708_112731.png</msg>
<var>${filename}</var>
<arg>${test_case_name}_${timestamp}.png</arg>
<doc>Returns the given values which can then be assigned to a variables.</doc>
<status status="PASS" start="2025-07-08T11:27:31.863174" elapsed="0.000124"/>
</kw>
<kw name="Log" owner="BuiltIn">
<msg time="2025-07-08T11:27:31.863432" level="INFO">Capturing screenshot: TC1001_20250708_112731.png</msg>
<arg>Capturing screenshot: ${filename}</arg>
<doc>Logs the given message with the given level.</doc>
<status status="PASS" start="2025-07-08T11:27:31.863356" elapsed="0.000100"/>
</kw>
<kw name="Capture Page Screenshot" owner="SeleniumLibrary">
<msg time="2025-07-08T11:27:32.932293" level="INFO" html="true">&lt;/td&gt;&lt;/tr&gt;&lt;tr&gt;&lt;td colspan="3"&gt;&lt;a href="TC1001_20250708_112731.png"&gt;&lt;img src="TC1001_20250708_112731.png" width="800px"&gt;&lt;/a&gt;</msg>
<arg>${filename}</arg>
<doc>Takes a screenshot of the current page and embeds it into a log file.</doc>
<status status="PASS" start="2025-07-08T11:27:31.863513" elapsed="1.068917"/>
</kw>
<arg>TC1001</arg>
<status status="PASS" start="2025-07-08T11:27:31.862734" elapsed="1.069790"/>
</kw>
<kw name="Close Browser" owner="SeleniumLibrary">
<doc>Closes the current browser.</doc>
<status status="PASS" start="2025-07-08T11:27:32.932868" elapsed="2.225115"/>
</kw>
<doc>Test case to search Google and verify results</doc>
<tag>search</tag>
<status status="PASS" start="2025-07-08T11:27:24.284906" elapsed="10.873897"/>
</test>
<test id="s1-s1-t2" name="Search Google and Verify Results TC1002" line="29">
<kw name="Open Google">
<kw name="Get Chrome Options With Binary" owner="ChromeHelper">
<msg time="2025-07-08T11:27:35.162139" level="INFO">${chrome_options} = &lt;selenium.webdriver.chrome.options.Options object at 0x000001B057394690&gt;</msg>
<var>${chrome_options}</var>
<arg>D:/chrome-for-test/138.0.7204.92/chrome-win64/chrome.exe</arg>
<status status="PASS" start="2025-07-08T11:27:35.161839" elapsed="0.000356"/>
</kw>
<kw name="Open Browser" owner="SeleniumLibrary">
<msg time="2025-07-08T11:27:35.162818" level="INFO">Opening browser 'headlesschrome' to base url 'https://www.google.com'.</msg>
<arg>${URL}</arg>
<arg>${BROWSER}</arg>
<arg>options=${chrome_options}</arg>
<doc>Opens a new browser instance to the optional ``url``.</doc>
<status status="PASS" start="2025-07-08T11:27:35.162407" elapsed="2.441123"/>
</kw>
<kw name="Set Window Size" owner="SeleniumLibrary">
<arg>1920</arg>
<arg>1080</arg>
<doc>Sets current windows size to given ``width`` and ``height``.</doc>
<status status="PASS" start="2025-07-08T11:27:37.603717" elapsed="0.022040"/>
</kw>
<status status="PASS" start="2025-07-08T11:27:35.161366" elapsed="2.464477"/>
</kw>
<kw name="Input Search Term 2">
<kw name="Input Text" owner="SeleniumLibrary">
<msg time="2025-07-08T11:27:37.626632" level="INFO">Typing text 'java' into text field 'name=q'.</msg>
<arg>name=q</arg>
<arg>${SEARCH_TERM2}</arg>
<doc>Types the given ``text`` into the text field identified by ``locator``.</doc>
<status status="PASS" start="2025-07-08T11:27:37.626396" elapsed="0.065973"/>
</kw>
<status status="PASS" start="2025-07-08T11:27:37.626131" elapsed="0.066413"/>
</kw>
<kw name="Enter Google Search">
<kw name="Press Keys" owner="SeleniumLibrary">
<msg time="2025-07-08T11:27:37.693665" level="INFO">Sending key(s) ('ENTER',) to name=q element.</msg>
<msg time="2025-07-08T11:27:38.044157" level="INFO">Pressing special key ENTER to element.</msg>
<msg time="2025-07-08T11:27:38.044243" level="INFO">Releasing special key ENTER.</msg>
<arg>name=q</arg>
<arg>ENTER</arg>
<doc>Simulates the user pressing key(s) to an element or on the active browser.</doc>
<status status="PASS" start="2025-07-08T11:27:37.693360" elapsed="0.358502"/>
</kw>
<status status="PASS" start="2025-07-08T11:27:37.693011" elapsed="0.358985"/>
</kw>
<kw name="Wait Until Page Contains" owner="SeleniumLibrary">
<arg>${SEARCH_RESULT1}</arg>
<arg>timeout=10s</arg>
<doc>Waits until ``text`` appears on the current page.</doc>
<status status="PASS" start="2025-07-08T11:27:38.052248" elapsed="4.374361"/>
</kw>
<kw name="Sleep" owner="BuiltIn">
<msg time="2025-07-08T11:27:47.427775" level="INFO">Slept 5 seconds.</msg>
<arg>5s</arg>
<doc>Pauses the test executed for the given time.</doc>
<status status="PASS" start="2025-07-08T11:27:42.426948" elapsed="5.001093"/>
</kw>
<kw name="Verify Search Results 2">
<kw name="Page Should Contain" owner="SeleniumLibrary">
<msg time="2025-07-08T11:27:49.093009" level="INFO" html="true">&lt;/td&gt;&lt;/tr&gt;&lt;tr&gt;&lt;td colspan="3"&gt;&lt;a href="selenium-screenshot-1.png"&gt;&lt;img src="selenium-screenshot-1.png" width="800px"&gt;&lt;/a&gt;</msg>
<msg time="2025-07-08T11:27:49.093158" level="FAIL">Page should have contained text 'xxxx' but did not.</msg>
<arg>${SEARCH_RESULT2}</arg>
<doc>Verifies that current page contains ``text``.</doc>
<status status="FAIL" start="2025-07-08T11:27:47.429971" elapsed="1.664917">Page should have contained text 'xxxx' but did not.</status>
</kw>
<status status="FAIL" start="2025-07-08T11:27:47.429080" elapsed="1.665992">Page should have contained text 'xxxx' but did not.</status>
</kw>
<kw name="Capture Page Screenshot With Name">
<arg>TC1002</arg>
<status status="NOT RUN" start="2025-07-08T11:27:49.095415" elapsed="0.000037"/>
</kw>
<kw name="Close Browser" owner="SeleniumLibrary">
<doc>Closes the current browser.</doc>
<status status="NOT RUN" start="2025-07-08T11:27:49.095663" elapsed="0.000032"/>
</kw>
<doc>Test case to search Google and verify results</doc>
<tag>search</tag>
<status status="FAIL" start="2025-07-08T11:27:35.160243" elapsed="13.935604">Page should have contained text 'xxxx' but did not.</status>
</test>
<status status="FAIL" start="2025-07-08T11:27:24.107919" elapsed="24.988600"/>
</suite>
<suite id="s1-s2" name="Testsuit1" source="D:\Project\advrobot\Test\testsuit1.robot">
<test id="s1-s2-t1" name="Search Google and Verify Results TC1001" line="16">
<kw name="Open Google">
<kw name="Get Chrome Options With Binary" owner="ChromeHelper">
<msg time="2025-07-08T11:28:16.636575" level="INFO">${chrome_options} = &lt;selenium.webdriver.chrome.options.Options object at 0x00000248A28D6BA0&gt;</msg>
<var>${chrome_options}</var>
<arg>D:/chrome-for-test/138.0.7204.92/chrome-win64/chrome.exe</arg>
<status status="PASS" start="2025-07-08T11:28:16.636381" elapsed="0.000231"/>
</kw>
<kw name="Open Browser" owner="SeleniumLibrary">
<msg time="2025-07-08T11:28:16.637005" level="INFO">Opening browser 'headlesschrome' to base url 'https://www.google.com'.</msg>
<arg>${URL}</arg>
<arg>${BROWSER}</arg>
<arg>options=${chrome_options}</arg>
<doc>Opens a new browser instance to the optional ``url``.</doc>
<status status="PASS" start="2025-07-08T11:28:16.636759" elapsed="2.845325"/>
</kw>
<kw name="Set Window Size" owner="SeleniumLibrary">
<arg>1920</arg>
<arg>1080</arg>
<doc>Sets current windows size to given ``width`` and ``height``.</doc>
<status status="PASS" start="2025-07-08T11:28:19.482312" elapsed="0.025555"/>
</kw>
<status status="PASS" start="2025-07-08T11:28:16.635707" elapsed="2.872257"/>
</kw>
<kw name="Input Search Term">
<kw name="Input Text" owner="SeleniumLibrary">
<msg time="2025-07-08T11:28:19.508887" level="INFO">Typing text 'robot' into text field 'name=q'.</msg>
<arg>name=q</arg>
<arg>${SEARCH_TERM1}</arg>
<doc>Types the given ``text`` into the text field identified by ``locator``.</doc>
<status status="PASS" start="2025-07-08T11:28:19.508448" elapsed="0.051948"/>
</kw>
<status status="PASS" start="2025-07-08T11:28:19.508238" elapsed="0.052308"/>
</kw>
<kw name="Enter Google Search">
<kw name="Press Keys" owner="SeleniumLibrary">
<msg time="2025-07-08T11:28:19.561492" level="INFO">Sending key(s) ('ENTER',) to name=q element.</msg>
<msg time="2025-07-08T11:28:19.842660" level="INFO">Pressing special key ENTER to element.</msg>
<msg time="2025-07-08T11:28:19.842725" level="INFO">Releasing special key ENTER.</msg>
<arg>name=q</arg>
<arg>ENTER</arg>
<doc>Simulates the user pressing key(s) to an element or on the active browser.</doc>
<status status="PASS" start="2025-07-08T11:28:19.561201" elapsed="0.288415"/>
</kw>
<status status="PASS" start="2025-07-08T11:28:19.560904" elapsed="0.288794"/>
</kw>
<kw name="Wait Until Page Contains" owner="SeleniumLibrary">
<arg>${SEARCH_RESULT1}</arg>
<arg>timeout=10s</arg>
<doc>Waits until ``text`` appears on the current page.</doc>
<status status="PASS" start="2025-07-08T11:28:19.849916" elapsed="0.085731"/>
</kw>
<kw name="Sleep" owner="BuiltIn">
<msg time="2025-07-08T11:28:24.936456" level="INFO">Slept 5 seconds.</msg>
<arg>5s</arg>
<doc>Pauses the test executed for the given time.</doc>
<status status="PASS" start="2025-07-08T11:28:19.935904" elapsed="5.000649"/>
</kw>
<kw name="Verify Search Results">
<kw name="Page Should Contain" owner="SeleniumLibrary">
<msg time="2025-07-08T11:28:24.959946" level="INFO">Current page contains text 'Robot'.</msg>
<arg>${SEARCH_RESULT1}</arg>
<doc>Verifies that current page contains ``text``.</doc>
<status status="PASS" start="2025-07-08T11:28:24.936990" elapsed="0.023154"/>
</kw>
<status status="PASS" start="2025-07-08T11:28:24.936806" elapsed="0.023422"/>
</kw>
<kw name="Capture Page Screenshot With Name">
<kw name="Get Current Date" owner="DateTime">
<msg time="2025-07-08T11:28:24.960813" level="INFO">${timestamp} = 20250708_112824</msg>
<var>${timestamp}</var>
<arg>result_format=%Y%m%d_%H%M%S</arg>
<doc>Returns current local or UTC time with an optional increment.</doc>
<status status="PASS" start="2025-07-08T11:28:24.960661" elapsed="0.000172"/>
</kw>
<kw name="Set Variable" owner="BuiltIn">
<msg time="2025-07-08T11:28:24.961017" level="INFO">${filename} = TC1001_20250708_112824.png</msg>
<var>${filename}</var>
<arg>${test_case_name}_${timestamp}.png</arg>
<doc>Returns the given values which can then be assigned to a variables.</doc>
<status status="PASS" start="2025-07-08T11:28:24.960902" elapsed="0.000130"/>
</kw>
<kw name="Log" owner="BuiltIn">
<msg time="2025-07-08T11:28:24.961168" level="INFO">Capturing screenshot: TC1001_20250708_112824.png</msg>
<arg>Capturing screenshot: ${filename}</arg>
<doc>Logs the given message with the given level.</doc>
<status status="PASS" start="2025-07-08T11:28:24.961093" elapsed="0.000102"/>
</kw>
<kw name="Capture Page Screenshot" owner="SeleniumLibrary">
<msg time="2025-07-08T11:28:25.251846" level="INFO" html="true">&lt;/td&gt;&lt;/tr&gt;&lt;tr&gt;&lt;td colspan="3"&gt;&lt;a href="TC1001_20250708_112824.png"&gt;&lt;img src="TC1001_20250708_112824.png" width="800px"&gt;&lt;/a&gt;</msg>
<arg>${filename}</arg>
<doc>Takes a screenshot of the current page and embeds it into a log file.</doc>
<status status="PASS" start="2025-07-08T11:28:24.961260" elapsed="0.290677"/>
</kw>
<arg>TC1001</arg>
<status status="PASS" start="2025-07-08T11:28:24.960462" elapsed="0.291552"/>
</kw>
<kw name="Close Browser" owner="SeleniumLibrary">
<doc>Closes the current browser.</doc>
<status status="PASS" start="2025-07-08T11:28:25.252241" elapsed="2.238412"/>
</kw>
<doc>Test case to search Google and verify results</doc>
<tag>search</tag>
<status status="PASS" start="2025-07-08T11:28:16.634949" elapsed="10.856403"/>
</test>
<test id="s1-s2-t2" name="Search Google and Verify Results TC1002" line="29">
<kw name="Open Google">
<kw name="Get Chrome Options With Binary" owner="ChromeHelper">
<msg time="2025-07-08T11:28:27.493340" level="INFO">${chrome_options} = &lt;selenium.webdriver.chrome.options.Options object at 0x00000248A2954690&gt;</msg>
<var>${chrome_options}</var>
<arg>D:/chrome-for-test/138.0.7204.92/chrome-win64/chrome.exe</arg>
<status status="PASS" start="2025-07-08T11:28:27.493159" elapsed="0.000212"/>
</kw>
<kw name="Open Browser" owner="SeleniumLibrary">
<msg time="2025-07-08T11:28:27.493774" level="INFO">Opening browser 'headlesschrome' to base url 'https://www.google.com'.</msg>
<arg>${URL}</arg>
<arg>${BROWSER}</arg>
<arg>options=${chrome_options}</arg>
<doc>Opens a new browser instance to the optional ``url``.</doc>
<status status="PASS" start="2025-07-08T11:28:27.493514" elapsed="2.612521"/>
</kw>
<kw name="Set Window Size" owner="SeleniumLibrary">
<arg>1920</arg>
<arg>1080</arg>
<doc>Sets current windows size to given ``width`` and ``height``.</doc>
<status status="PASS" start="2025-07-08T11:28:30.106215" elapsed="0.023426"/>
</kw>
<status status="PASS" start="2025-07-08T11:28:27.492852" elapsed="2.636885"/>
</kw>
<kw name="Input Search Term 2">
<kw name="Input Text" owner="SeleniumLibrary">
<msg time="2025-07-08T11:28:30.130297" level="INFO">Typing text 'java' into text field 'name=q'.</msg>
<arg>name=q</arg>
<arg>${SEARCH_TERM2}</arg>
<doc>Types the given ``text`` into the text field identified by ``locator``.</doc>
<status status="PASS" start="2025-07-08T11:28:30.130141" elapsed="0.054084"/>
</kw>
<status status="PASS" start="2025-07-08T11:28:30.129968" elapsed="0.054348"/>
</kw>
<kw name="Enter Google Search">
<kw name="Press Keys" owner="SeleniumLibrary">
<msg time="2025-07-08T11:28:30.184994" level="INFO">Sending key(s) ('ENTER',) to name=q element.</msg>
<msg time="2025-07-08T11:28:30.464321" level="INFO">Pressing special key ENTER to element.</msg>
<msg time="2025-07-08T11:28:30.464380" level="INFO">Releasing special key ENTER.</msg>
<arg>name=q</arg>
<arg>ENTER</arg>
<doc>Simulates the user pressing key(s) to an element or on the active browser.</doc>
<status status="PASS" start="2025-07-08T11:28:30.184758" elapsed="0.285495"/>
</kw>
<status status="PASS" start="2025-07-08T11:28:30.184564" elapsed="0.285772"/>
</kw>
<kw name="Wait Until Page Contains" owner="SeleniumLibrary">
<arg>${SEARCH_RESULT1}</arg>
<arg>timeout=10s</arg>
<doc>Waits until ``text`` appears on the current page.</doc>
<status status="PASS" start="2025-07-08T11:28:30.470555" elapsed="9.291102"/>
</kw>
<kw name="Sleep" owner="BuiltIn">
<msg time="2025-07-08T11:28:44.762726" level="INFO">Slept 5 seconds.</msg>
<arg>5s</arg>
<doc>Pauses the test executed for the given time.</doc>
<status status="PASS" start="2025-07-08T11:28:39.762114" elapsed="5.000872"/>
</kw>
<kw name="Verify Search Results 2">
<kw name="Page Should Contain" owner="SeleniumLibrary">
<msg time="2025-07-08T11:28:44.796558" level="INFO">Current page contains text 'Java'.</msg>
<arg>${SEARCH_RESULT2}</arg>
<doc>Verifies that current page contains ``text``.</doc>
<status status="PASS" start="2025-07-08T11:28:44.764482" elapsed="0.032189"/>
</kw>
<status status="PASS" start="2025-07-08T11:28:44.763830" elapsed="0.032919"/>
</kw>
<kw name="Capture Page Screenshot With Name">
<kw name="Get Current Date" owner="DateTime">
<msg time="2025-07-08T11:28:44.797330" level="INFO">${timestamp} = 20250708_112844</msg>
<var>${timestamp}</var>
<arg>result_format=%Y%m%d_%H%M%S</arg>
<doc>Returns current local or UTC time with an optional increment.</doc>
<status status="PASS" start="2025-07-08T11:28:44.797184" elapsed="0.000167"/>
</kw>
<kw name="Set Variable" owner="BuiltIn">
<msg time="2025-07-08T11:28:44.797524" level="INFO">${filename} = TC1002_20250708_112844.png</msg>
<var>${filename}</var>
<arg>${test_case_name}_${timestamp}.png</arg>
<doc>Returns the given values which can then be assigned to a variables.</doc>
<status status="PASS" start="2025-07-08T11:28:44.797420" elapsed="0.000129"/>
</kw>
<kw name="Log" owner="BuiltIn">
<msg time="2025-07-08T11:28:44.797676" level="INFO">Capturing screenshot: TC1002_20250708_112844.png</msg>
<arg>Capturing screenshot: ${filename}</arg>
<doc>Logs the given message with the given level.</doc>
<status status="PASS" start="2025-07-08T11:28:44.797607" elapsed="0.000092"/>
</kw>
<kw name="Capture Page Screenshot" owner="SeleniumLibrary">
<msg time="2025-07-08T11:28:46.270173" level="INFO" html="true">&lt;/td&gt;&lt;/tr&gt;&lt;tr&gt;&lt;td colspan="3"&gt;&lt;a href="TC1002_20250708_112844.png"&gt;&lt;img src="TC1002_20250708_112844.png" width="800px"&gt;&lt;/a&gt;</msg>
<arg>${filename}</arg>
<doc>Takes a screenshot of the current page and embeds it into a log file.</doc>
<status status="PASS" start="2025-07-08T11:28:44.797756" elapsed="1.472517"/>
</kw>
<arg>TC1002</arg>
<status status="PASS" start="2025-07-08T11:28:44.796966" elapsed="1.473392"/>
</kw>
<kw name="Close Browser" owner="SeleniumLibrary">
<doc>Closes the current browser.</doc>
<status status="PASS" start="2025-07-08T11:28:46.270666" elapsed="2.227691"/>
</kw>
<doc>Test case to search Google and verify results</doc>
<tag>search</tag>
<status status="PASS" start="2025-07-08T11:28:27.492256" elapsed="21.006807"/>
</test>
<status status="PASS" start="2025-07-08T11:28:16.442685" elapsed="32.058113"/>
</suite>
<suite id="s1-s3" name="Testsuit1" source="D:\Project\advrobot\Test\testsuit1.robot">
<test id="s1-s3-t1" name="Search Google and Verify Results TC1001" line="16">
<kw name="Open Google">
<kw name="Get Chrome Options With Binary" owner="ChromeHelper">
<msg time="2025-07-08T11:50:43.541916" level="INFO">${chrome_options} = &lt;selenium.webdriver.chrome.options.Options object at 0x000001F03DFE6BA0&gt;</msg>
<var>${chrome_options}</var>
<arg>D:/chrome-for-test/138.0.7204.92/chrome-win64/chrome.exe</arg>
<status status="PASS" start="2025-07-08T11:50:43.541772" elapsed="0.000179"/>
</kw>
<kw name="Open Browser" owner="SeleniumLibrary">
<msg time="2025-07-08T11:50:43.542247" level="INFO">Opening browser 'chrome' to base url 'https://www.google.com'.</msg>
<arg>${URL}</arg>
<arg>${BROWSER}</arg>
<arg>options=${chrome_options}</arg>
<doc>Opens a new browser instance to the optional ``url``.</doc>
<status status="PASS" start="2025-07-08T11:50:43.542056" elapsed="1.818187"/>
</kw>
<kw name="Set Window Size" owner="SeleniumLibrary">
<arg>1920</arg>
<arg>1080</arg>
<doc>Sets current windows size to given ``width`` and ``height``.</doc>
<status status="PASS" start="2025-07-08T11:50:45.360486" elapsed="0.360390"/>
</kw>
<status status="PASS" start="2025-07-08T11:50:43.541322" elapsed="2.179693"/>
</kw>
<kw name="Input Search Term">
<kw name="Input Text" owner="SeleniumLibrary">
<msg time="2025-07-08T11:50:45.722051" level="INFO">Typing text 'robot' into text field 'name=q'.</msg>
<arg>name=q</arg>
<arg>${SEARCH_TERM1}</arg>
<doc>Types the given ``text`` into the text field identified by ``locator``.</doc>
<status status="PASS" start="2025-07-08T11:50:45.721706" elapsed="0.054682"/>
</kw>
<status status="PASS" start="2025-07-08T11:50:45.721400" elapsed="0.055215"/>
</kw>
<kw name="Enter Google Search">
<kw name="Press Keys" owner="SeleniumLibrary">
<msg time="2025-07-08T11:50:45.777732" level="INFO">Sending key(s) ('ENTER',) to name=q element.</msg>
<msg time="2025-07-08T11:50:46.056648" level="INFO">Pressing special key ENTER to element.</msg>
<msg time="2025-07-08T11:50:46.056721" level="INFO">Releasing special key ENTER.</msg>
<arg>name=q</arg>
<arg>ENTER</arg>
<doc>Simulates the user pressing key(s) to an element or on the active browser.</doc>
<status status="PASS" start="2025-07-08T11:50:45.777419" elapsed="0.286128"/>
</kw>
<status status="PASS" start="2025-07-08T11:50:45.777041" elapsed="0.286613"/>
</kw>
<kw name="Wait Until Page Contains" owner="SeleniumLibrary">
<arg>${SEARCH_RESULT1}</arg>
<arg>timeout=10s</arg>
<doc>Waits until ``text`` appears on the current page.</doc>
<status status="PASS" start="2025-07-08T11:50:46.063873" elapsed="0.087792"/>
</kw>
<kw name="Sleep" owner="BuiltIn">
<msg time="2025-07-08T11:50:51.152360" level="INFO">Slept 5 seconds.</msg>
<arg>5s</arg>
<doc>Pauses the test executed for the given time.</doc>
<status status="PASS" start="2025-07-08T11:50:46.152008" elapsed="5.000549"/>
</kw>
<kw name="Verify Search Results">
<kw name="Page Should Contain" owner="SeleniumLibrary">
<msg time="2025-07-08T11:50:52.253383" level="INFO">Current page contains text 'Robot'.</msg>
<arg>${SEARCH_RESULT1}</arg>
<doc>Verifies that current page contains ``text``.</doc>
<status status="PASS" start="2025-07-08T11:50:51.153691" elapsed="1.099788"/>
</kw>
<status status="PASS" start="2025-07-08T11:50:51.153083" elapsed="1.100478"/>
</kw>
<kw name="Capture Page Screenshot With Name">
<kw name="Get Current Date" owner="DateTime">
<msg time="2025-07-08T11:50:52.254361" level="INFO">${timestamp} = 20250708_115052</msg>
<var>${timestamp}</var>
<arg>result_format=%Y%m%d_%H%M%S</arg>
<doc>Returns current local or UTC time with an optional increment.</doc>
<status status="PASS" start="2025-07-08T11:50:52.254185" elapsed="0.000199"/>
</kw>
<kw name="Set Variable" owner="BuiltIn">
<msg time="2025-07-08T11:50:52.254636" level="INFO">${filename} = TC1001_20250708_115052.png</msg>
<var>${filename}</var>
<arg>${test_case_name}_${timestamp}.png</arg>
<doc>Returns the given values which can then be assigned to a variables.</doc>
<status status="PASS" start="2025-07-08T11:50:52.254466" elapsed="0.000187"/>
</kw>
<kw name="Log" owner="BuiltIn">
<msg time="2025-07-08T11:50:52.254840" level="INFO">Capturing screenshot: TC1001_20250708_115052.png</msg>
<arg>Capturing screenshot: ${filename}</arg>
<doc>Logs the given message with the given level.</doc>
<status status="PASS" start="2025-07-08T11:50:52.254730" elapsed="0.000139"/>
</kw>
<kw name="Capture Page Screenshot" owner="SeleniumLibrary">
<msg time="2025-07-08T11:50:52.406614" level="INFO" html="true">&lt;/td&gt;&lt;/tr&gt;&lt;tr&gt;&lt;td colspan="3"&gt;&lt;a href="TC1001_20250708_115052.png"&gt;&lt;img src="TC1001_20250708_115052.png" width="800px"&gt;&lt;/a&gt;</msg>
<arg>${filename}</arg>
<doc>Takes a screenshot of the current page and embeds it into a log file.</doc>
<status status="PASS" start="2025-07-08T11:50:52.254952" elapsed="0.151783"/>
</kw>
<arg>TC1001</arg>
<status status="PASS" start="2025-07-08T11:50:52.253931" elapsed="0.152882"/>
</kw>
<kw name="Close Browser" owner="SeleniumLibrary">
<doc>Closes the current browser.</doc>
<status status="PASS" start="2025-07-08T11:50:52.407031" elapsed="2.273354"/>
</kw>
<doc>Test case to search Google and verify results</doc>
<tag>search</tag>
<status status="PASS" start="2025-07-08T11:50:43.540723" elapsed="11.139923"/>
</test>
<test id="s1-s3-t2" name="Search Google and Verify Results TC1002" line="29">
<kw name="Open Google">
<kw name="Get Chrome Options With Binary" owner="ChromeHelper">
<msg time="2025-07-08T11:50:54.682099" level="INFO">${chrome_options} = &lt;selenium.webdriver.chrome.options.Options object at 0x000001F03E064690&gt;</msg>
<var>${chrome_options}</var>
<arg>D:/chrome-for-test/138.0.7204.92/chrome-win64/chrome.exe</arg>
<status status="PASS" start="2025-07-08T11:50:54.681915" elapsed="0.000218"/>
</kw>
<kw name="Open Browser" owner="SeleniumLibrary">
<msg time="2025-07-08T11:50:54.682520" level="INFO">Opening browser 'chrome' to base url 'https://www.google.com'.</msg>
<arg>${URL}</arg>
<arg>${BROWSER}</arg>
<arg>options=${chrome_options}</arg>
<doc>Opens a new browser instance to the optional ``url``.</doc>
<status status="PASS" start="2025-07-08T11:50:54.682274" elapsed="2.054348"/>
</kw>
<kw name="Set Window Size" owner="SeleniumLibrary">
<arg>1920</arg>
<arg>1080</arg>
<doc>Sets current windows size to given ``width`` and ``height``.</doc>
<status status="PASS" start="2025-07-08T11:50:56.736982" elapsed="0.380695"/>
</kw>
<status status="PASS" start="2025-07-08T11:50:54.681685" elapsed="2.436140"/>
</kw>
<kw name="Input Search Term 2">
<kw name="Input Text" owner="SeleniumLibrary">
<msg time="2025-07-08T11:50:57.118666" level="INFO">Typing text 'java' into text field 'name=q'.</msg>
<arg>name=q</arg>
<arg>${SEARCH_TERM2}</arg>
<doc>Types the given ``text`` into the text field identified by ``locator``.</doc>
<status status="PASS" start="2025-07-08T11:50:57.118425" elapsed="0.053558"/>
</kw>
<status status="PASS" start="2025-07-08T11:50:57.118145" elapsed="0.054015"/>
</kw>
<kw name="Enter Google Search">
<kw name="Press Keys" owner="SeleniumLibrary">
<msg time="2025-07-08T11:50:57.173002" level="INFO">Sending key(s) ('ENTER',) to name=q element.</msg>
<msg time="2025-07-08T11:50:57.450659" level="INFO">Pressing special key ENTER to element.</msg>
<msg time="2025-07-08T11:50:57.450722" level="INFO">Releasing special key ENTER.</msg>
<arg>name=q</arg>
<arg>ENTER</arg>
<doc>Simulates the user pressing key(s) to an element or on the active browser.</doc>
<status status="PASS" start="2025-07-08T11:50:57.172722" elapsed="0.513971"/>
</kw>
<status status="PASS" start="2025-07-08T11:50:57.172438" elapsed="0.514456"/>
</kw>
<kw name="Wait Until Page Contains" owner="SeleniumLibrary">
<arg>${SEARCH_RESULT1}</arg>
<arg>timeout=10s</arg>
<doc>Waits until ``text`` appears on the current page.</doc>
<status status="PASS" start="2025-07-08T11:50:57.687534" elapsed="3.730637"/>
</kw>
<kw name="Sleep" owner="BuiltIn">
<msg time="2025-07-08T11:51:06.418988" level="INFO">Slept 5 seconds.</msg>
<arg>5s</arg>
<doc>Pauses the test executed for the given time.</doc>
<status status="PASS" start="2025-07-08T11:51:01.418591" elapsed="5.000630"/>
</kw>
<kw name="Verify Search Results 2">
<kw name="Page Should Contain" owner="SeleniumLibrary">
<msg time="2025-07-08T11:51:06.459718" level="INFO">Current page contains text 'Java'.</msg>
<arg>${SEARCH_RESULT2}</arg>
<doc>Verifies that current page contains ``text``.</doc>
<status status="PASS" start="2025-07-08T11:51:06.420685" elapsed="0.039114"/>
</kw>
<status status="PASS" start="2025-07-08T11:51:06.420035" elapsed="0.039833"/>
</kw>
<kw name="Capture Page Screenshot With Name">
<kw name="Get Current Date" owner="DateTime">
<msg time="2025-07-08T11:51:06.460490" level="INFO">${timestamp} = 20250708_115106</msg>
<var>${timestamp}</var>
<arg>result_format=%Y%m%d_%H%M%S</arg>
<doc>Returns current local or UTC time with an optional increment.</doc>
<status status="PASS" start="2025-07-08T11:51:06.460343" elapsed="0.000344"/>
</kw>
<kw name="Set Variable" owner="BuiltIn">
<msg time="2025-07-08T11:51:06.461011" level="INFO">${filename} = TC1002_20250708_115106.png</msg>
<var>${filename}</var>
<arg>${test_case_name}_${timestamp}.png</arg>
<doc>Returns the given values which can then be assigned to a variables.</doc>
<status status="PASS" start="2025-07-08T11:51:06.460842" elapsed="0.000189"/>
</kw>
<kw name="Log" owner="BuiltIn">
<msg time="2025-07-08T11:51:06.461192" level="INFO">Capturing screenshot: TC1002_20250708_115106.png</msg>
<arg>Capturing screenshot: ${filename}</arg>
<doc>Logs the given message with the given level.</doc>
<status status="PASS" start="2025-07-08T11:51:06.461105" elapsed="0.000116"/>
</kw>
<kw name="Capture Page Screenshot" owner="SeleniumLibrary">
<msg time="2025-07-08T11:51:07.936446" level="INFO" html="true">&lt;/td&gt;&lt;/tr&gt;&lt;tr&gt;&lt;td colspan="3"&gt;&lt;a href="TC1002_20250708_115106.png"&gt;&lt;img src="TC1002_20250708_115106.png" width="800px"&gt;&lt;/a&gt;</msg>
<arg>${filename}</arg>
<doc>Takes a screenshot of the current page and embeds it into a log file.</doc>
<status status="PASS" start="2025-07-08T11:51:06.461286" elapsed="1.475283"/>
</kw>
<arg>TC1002</arg>
<status status="PASS" start="2025-07-08T11:51:06.460140" elapsed="1.476506"/>
</kw>
<kw name="Close Browser" owner="SeleniumLibrary">
<doc>Closes the current browser.</doc>
<status status="PASS" start="2025-07-08T11:51:07.936872" elapsed="2.249527"/>
</kw>
<doc>Test case to search Google and verify results</doc>
<tag>search</tag>
<status status="PASS" start="2025-07-08T11:50:54.681248" elapsed="15.506010"/>
</test>
<test id="s1-s3-t3" name="Search Check Title TC10010" line="41">
<kw name="Open Google">
<kw name="Get Chrome Options With Binary" owner="ChromeHelper">
<msg time="2025-07-08T11:51:10.191886" level="INFO">${chrome_options} = &lt;selenium.webdriver.chrome.options.Options object at 0x000001F03DF53ED0&gt;</msg>
<var>${chrome_options}</var>
<arg>D:/chrome-for-test/138.0.7204.92/chrome-win64/chrome.exe</arg>
<status status="PASS" start="2025-07-08T11:51:10.191452" elapsed="0.000523"/>
</kw>
<kw name="Open Browser" owner="SeleniumLibrary">
<msg time="2025-07-08T11:51:10.192853" level="INFO">Opening browser 'chrome' to base url 'https://www.google.com'.</msg>
<arg>${URL}</arg>
<arg>${BROWSER}</arg>
<arg>options=${chrome_options}</arg>
<doc>Opens a new browser instance to the optional ``url``.</doc>
<status status="PASS" start="2025-07-08T11:51:10.192304" elapsed="1.848938"/>
</kw>
<kw name="Set Window Size" owner="SeleniumLibrary">
<arg>1920</arg>
<arg>1080</arg>
<doc>Sets current windows size to given ``width`` and ``height``.</doc>
<status status="PASS" start="2025-07-08T11:51:12.041852" elapsed="0.363858"/>
</kw>
<status status="PASS" start="2025-07-08T11:51:10.190644" elapsed="2.215218"/>
</kw>
<kw name="Title Should Be" owner="SeleniumLibrary">
<msg time="2025-07-08T11:51:12.409906" level="INFO">Page title is 'Google'.</msg>
<arg>Google</arg>
<doc>Verifies that the current page title equals ``title``.</doc>
<status status="PASS" start="2025-07-08T11:51:12.406197" elapsed="0.003776"/>
</kw>
<kw name="Capture Page Screenshot With Name">
<kw name="Get Current Date" owner="DateTime">
<msg time="2025-07-08T11:51:12.410613" level="INFO">${timestamp} = 20250708_115112</msg>
<var>${timestamp}</var>
<arg>result_format=%Y%m%d_%H%M%S</arg>
<doc>Returns current local or UTC time with an optional increment.</doc>
<status status="PASS" start="2025-07-08T11:51:12.410461" elapsed="0.000174"/>
</kw>
<kw name="Set Variable" owner="BuiltIn">
<msg time="2025-07-08T11:51:12.410863" level="INFO">${filename} = TC10010_20250708_115112.png</msg>
<var>${filename}</var>
<arg>${test_case_name}_${timestamp}.png</arg>
<doc>Returns the given values which can then be assigned to a variables.</doc>
<status status="PASS" start="2025-07-08T11:51:12.410720" elapsed="0.000162"/>
</kw>
<kw name="Log" owner="BuiltIn">
<msg time="2025-07-08T11:51:12.411031" level="INFO">Capturing screenshot: TC10010_20250708_115112.png</msg>
<arg>Capturing screenshot: ${filename}</arg>
<doc>Logs the given message with the given level.</doc>
<status status="PASS" start="2025-07-08T11:51:12.410952" elapsed="0.000106"/>
</kw>
<kw name="Capture Page Screenshot" owner="SeleniumLibrary">
<msg time="2025-07-08T11:51:12.882151" level="INFO" html="true">&lt;/td&gt;&lt;/tr&gt;&lt;tr&gt;&lt;td colspan="3"&gt;&lt;a href="TC10010_20250708_115112.png"&gt;&lt;img src="TC10010_20250708_115112.png" width="800px"&gt;&lt;/a&gt;</msg>
<arg>${filename}</arg>
<doc>Takes a screenshot of the current page and embeds it into a log file.</doc>
<status status="PASS" start="2025-07-08T11:51:12.411123" elapsed="0.471205"/>
</kw>
<arg>TC10010</arg>
<status status="PASS" start="2025-07-08T11:51:12.410239" elapsed="0.472244"/>
</kw>
<kw name="Close Browser" owner="SeleniumLibrary">
<doc>Closes the current browser.</doc>
<status status="PASS" start="2025-07-08T11:51:12.883466" elapsed="2.217183"/>
</kw>
<doc>Test case to search Google and verify results</doc>
<tag>Check</tag>
<status status="PASS" start="2025-07-08T11:51:10.189095" elapsed="4.912513"/>
</test>
<status status="PASS" start="2025-07-08T11:50:43.356846" elapsed="31.747011"/>
</suite>
<status status="FAIL" elapsed="88.793724"/>
</suite>
<statistics>
<total>
<stat pass="6" fail="1" skip="0">All Tests</stat>
</total>
<tag>
<stat pass="1" fail="0" skip="0">Check</stat>
<stat pass="5" fail="1" skip="0">search</stat>
</tag>
<suite>
<stat name="Testsuit1 &amp; Testsuit1 &amp; Testsuit1" id="s1" pass="6" fail="1" skip="0">Testsuit1 &amp; Testsuit1 &amp; Testsuit1</stat>
<stat name="Testsuit1" id="s1-s1" pass="1" fail="1" skip="0">Testsuit1 &amp; Testsuit1 &amp; Testsuit1.Testsuit1</stat>
<stat name="Testsuit1" id="s1-s2" pass="2" fail="0" skip="0">Testsuit1 &amp; Testsuit1 &amp; Testsuit1.Testsuit1</stat>
<stat name="Testsuit1" id="s1-s3" pass="3" fail="0" skip="0">Testsuit1 &amp; Testsuit1 &amp; Testsuit1.Testsuit1</stat>
</suite>
</statistics>
<errors>
</errors>
</robot>
