<?xml version="1.0" encoding="UTF-8"?>
<robot generator="Robot 7.3.2 (Python 3.13.5 on win32)" generated="2025-07-15T11:13:56.746769" rpa="false" schemaversion="5">
<suite id="s1" name="Testsuit1" source="D:\Project\advrobot\Test\testsuit1.robot">
<test id="s1-t1" name="Search Google and Verify Results TC1001" line="11">
<kw name="Open Google" owner="keywords">
<kw name="Get Chrome Options With Binary" owner="ChromeHelper">
<msg time="2025-07-15T11:13:56.936142" level="INFO">${chrome_options} = &lt;selenium.webdriver.chrome.options.Options object at 0x00000278CAFA2CF0&gt;</msg>
<var>${chrome_options}</var>
<arg>D:/chrome-for-test/138.0.7204.92/chrome-win64/chrome.exe</arg>
<status status="PASS" start="2025-07-15T11:13:56.936007" elapsed="0.000161"/>
</kw>
<kw name="Open Browser" owner="SeleniumLibrary">
<msg time="2025-07-15T11:13:56.936476" level="INFO">Opening browser 'chrome' to base url 'https://www.google.com'.</msg>
<msg time="2025-07-15T11:18:56.991989" level="INFO">Cannot capture screenshot because no browser is open.</msg>
<msg time="2025-07-15T11:18:56.992634" level="FAIL">NoSuchDriverException: Message: Unable to obtain driver for chrome; For documentation on this error, please visit: https://www.selenium.dev/documentation/webdriver/troubleshooting/errors/driver_location
</msg>
<arg>${URL}</arg>
<arg>${BROWSER}</arg>
<arg>options=${chrome_options}</arg>
<doc>Opens a new browser instance to the optional ``url``.</doc>
<status status="FAIL" start="2025-07-15T11:13:56.936287" elapsed="300.095198">NoSuchDriverException: Message: Unable to obtain driver for chrome; For documentation on this error, please visit: https://www.selenium.dev/documentation/webdriver/troubleshooting/errors/driver_location
</status>
</kw>
<kw name="Set Window Size" owner="SeleniumLibrary">
<arg>1920</arg>
<arg>1080</arg>
<doc>Sets current windows size to given ``width`` and ``height``.</doc>
<status status="NOT RUN" start="2025-07-15T11:18:57.031682" elapsed="0.000029"/>
</kw>
<status status="FAIL" start="2025-07-15T11:13:56.935577" elapsed="300.096230">NoSuchDriverException: Message: Unable to obtain driver for chrome; For documentation on this error, please visit: https://www.selenium.dev/documentation/webdriver/troubleshooting/errors/driver_location
</status>
</kw>
<kw name="Input Search Term" owner="keywords">
<status status="NOT RUN" start="2025-07-15T11:18:57.031950" elapsed="0.000023"/>
</kw>
<kw name="Enter Google Search" owner="keywords">
<status status="NOT RUN" start="2025-07-15T11:18:57.032039" elapsed="0.000016"/>
</kw>
<kw name="Wait Until Page Contains" owner="SeleniumLibrary">
<arg>${SEARCH_RESULT1}</arg>
<arg>timeout=10s</arg>
<doc>Waits until ``text`` appears on the current page.</doc>
<status status="NOT RUN" start="2025-07-15T11:18:57.032107" elapsed="0.000014"/>
</kw>
<kw name="Sleep" owner="BuiltIn">
<arg>5s</arg>
<doc>Pauses the test executed for the given time.</doc>
<status status="NOT RUN" start="2025-07-15T11:18:57.032175" elapsed="0.000013"/>
</kw>
<kw name="Verify Search Results" owner="keywords">
<status status="NOT RUN" start="2025-07-15T11:18:57.032251" elapsed="0.000018"/>
</kw>
<kw name="Capture Page Screenshot With Name" owner="keywords">
<arg>TC1001</arg>
<status status="NOT RUN" start="2025-07-15T11:18:57.032351" elapsed="0.000017"/>
</kw>
<kw name="Close Browser" owner="SeleniumLibrary">
<doc>Closes the current browser.</doc>
<status status="NOT RUN" start="2025-07-15T11:18:57.032419" elapsed="0.000013"/>
</kw>
<doc>Test case to search Google and verify results</doc>
<tag>search</tag>
<status status="FAIL" start="2025-07-15T11:13:56.935035" elapsed="300.097506">NoSuchDriverException: Message: Unable to obtain driver for chrome; For documentation on this error, please visit: https://www.selenium.dev/documentation/webdriver/troubleshooting/errors/driver_location
</status>
</test>
<test id="s1-t2" name="Search Google and Verify Results TC1002" line="24">
<kw name="Open Google" owner="keywords">
<kw name="Get Chrome Options With Binary" owner="ChromeHelper">
<msg time="2025-07-15T11:18:57.033362" level="INFO">${chrome_options} = &lt;selenium.webdriver.chrome.options.Options object at 0x00000278CB029090&gt;</msg>
<var>${chrome_options}</var>
<arg>D:/chrome-for-test/138.0.7204.92/chrome-win64/chrome.exe</arg>
<status status="PASS" start="2025-07-15T11:18:57.033212" elapsed="0.000173"/>
</kw>
<kw name="Open Browser" owner="SeleniumLibrary">
<msg time="2025-07-15T11:18:57.033645" level="INFO">Opening browser 'chrome' to base url 'https://www.google.com'.</msg>
<arg>${URL}</arg>
<arg>${BROWSER}</arg>
<arg>options=${chrome_options}</arg>
<doc>Opens a new browser instance to the optional ``url``.</doc>
<status status="PASS" start="2025-07-15T11:18:57.033474" elapsed="67.764043"/>
</kw>
<kw name="Set Window Size" owner="SeleniumLibrary">
<arg>1920</arg>
<arg>1080</arg>
<doc>Sets current windows size to given ``width`` and ``height``.</doc>
<status status="PASS" start="2025-07-15T11:20:04.797782" elapsed="0.581550"/>
</kw>
<status status="PASS" start="2025-07-15T11:18:57.033050" elapsed="68.346379"/>
</kw>
<kw name="Input Search Term 2" owner="keywords">
<kw name="Input Text" owner="SeleniumLibrary">
<msg time="2025-07-15T11:20:05.380002" level="INFO">Typing text 'java' into text field 'name=q'.</msg>
<arg>name=q</arg>
<arg>${SEARCH_TERM2}</arg>
<doc>Types the given ``text`` into the text field identified by ``locator``.</doc>
<status status="PASS" start="2025-07-15T11:20:05.379755" elapsed="0.050257"/>
</kw>
<status status="PASS" start="2025-07-15T11:20:05.379550" elapsed="0.050566"/>
</kw>
<kw name="Enter Google Search" owner="keywords">
<kw name="Press Keys" owner="SeleniumLibrary">
<msg time="2025-07-15T11:20:05.430791" level="INFO">Sending key(s) ('ENTER',) to name=q element.</msg>
<msg time="2025-07-15T11:20:05.812639" level="INFO">Pressing special key ENTER to element.</msg>
<msg time="2025-07-15T11:20:05.812712" level="INFO">Releasing special key ENTER.</msg>
<arg>name=q</arg>
<arg>ENTER</arg>
<doc>Simulates the user pressing key(s) to an element or on the active browser.</doc>
<status status="PASS" start="2025-07-15T11:20:05.430480" elapsed="0.388633"/>
</kw>
<status status="PASS" start="2025-07-15T11:20:05.430255" elapsed="0.388946"/>
</kw>
<kw name="Wait Until Page Contains" owner="SeleniumLibrary">
<arg>${SEARCH_RESULT1}</arg>
<arg>timeout=10s</arg>
<doc>Waits until ``text`` appears on the current page.</doc>
<status status="PASS" start="2025-07-15T11:20:05.819309" elapsed="0.078838"/>
</kw>
<kw name="Sleep" owner="BuiltIn">
<msg time="2025-07-15T11:20:10.899025" level="INFO">Slept 5 seconds.</msg>
<arg>5s</arg>
<doc>Pauses the test executed for the given time.</doc>
<status status="PASS" start="2025-07-15T11:20:05.898478" elapsed="5.000767"/>
</kw>
<kw name="Verify Search Results 2" owner="keywords">
<kw name="Page Should Contain" owner="SeleniumLibrary">
<msg time="2025-07-15T11:20:10.934310" level="INFO">Current page contains text 'Java'.</msg>
<arg>${SEARCH_RESULT2}</arg>
<doc>Verifies that current page contains ``text``.</doc>
<status status="PASS" start="2025-07-15T11:20:10.899788" elapsed="0.034593"/>
</kw>
<status status="PASS" start="2025-07-15T11:20:10.899480" elapsed="0.034966"/>
</kw>
<kw name="Capture Page Screenshot With Name" owner="keywords">
<kw name="Get Current Date" owner="DateTime">
<msg time="2025-07-15T11:20:10.934909" level="INFO">${timestamp} = 20250715_112010</msg>
<var>${timestamp}</var>
<arg>result_format=%Y%m%d_%H%M%S</arg>
<doc>Returns current local or UTC time with an optional increment.</doc>
<status status="PASS" start="2025-07-15T11:20:10.934770" elapsed="0.000157"/>
</kw>
<kw name="Set Variable" owner="BuiltIn">
<msg time="2025-07-15T11:20:10.935145" level="INFO">${filename} = TC1002_20250715_112010.png</msg>
<var>${filename}</var>
<arg>${test_case_name}_${timestamp}.png</arg>
<doc>Returns the given values which can then be assigned to a variables.</doc>
<status status="PASS" start="2025-07-15T11:20:10.935012" elapsed="0.000158"/>
</kw>
<kw name="Log" owner="BuiltIn">
<msg time="2025-07-15T11:20:10.935445" level="INFO">Capturing screenshot: TC1002_20250715_112010.png</msg>
<arg>Capturing screenshot: ${filename}</arg>
<doc>Logs the given message with the given level.</doc>
<status status="PASS" start="2025-07-15T11:20:10.935268" elapsed="0.000216"/>
</kw>
<kw name="Capture Page Screenshot" owner="SeleniumLibrary">
<msg time="2025-07-15T11:20:11.006398" level="INFO" html="true">&lt;/td&gt;&lt;/tr&gt;&lt;tr&gt;&lt;td colspan="3"&gt;&lt;a href="TC1002_20250715_112010.png"&gt;&lt;img src="TC1002_20250715_112010.png" width="800px"&gt;&lt;/a&gt;</msg>
<arg>${filename}</arg>
<doc>Takes a screenshot of the current page and embeds it into a log file.</doc>
<status status="PASS" start="2025-07-15T11:20:10.935557" elapsed="0.070986"/>
</kw>
<arg>TC1002</arg>
<status status="PASS" start="2025-07-15T11:20:10.934567" elapsed="0.072071"/>
</kw>
<kw name="Close Browser" owner="SeleniumLibrary">
<doc>Closes the current browser.</doc>
<status status="PASS" start="2025-07-15T11:20:11.006750" elapsed="2.243054"/>
</kw>
<doc>Test case to search Google and verify results</doc>
<tag>search</tag>
<status status="PASS" start="2025-07-15T11:18:57.032770" elapsed="76.217505"/>
</test>
<test id="s1-t3" name="Search Check Title TC10010" line="36">
<kw name="Open Google" owner="keywords">
<kw name="Get Chrome Options With Binary" owner="ChromeHelper">
<msg time="2025-07-15T11:20:13.252175" level="INFO">${chrome_options} = &lt;selenium.webdriver.chrome.options.Options object at 0x00000278CA9C6990&gt;</msg>
<var>${chrome_options}</var>
<arg>D:/chrome-for-test/138.0.7204.92/chrome-win64/chrome.exe</arg>
<status status="PASS" start="2025-07-15T11:20:13.251923" elapsed="0.000298"/>
</kw>
<kw name="Open Browser" owner="SeleniumLibrary">
<msg time="2025-07-15T11:20:13.252751" level="INFO">Opening browser 'chrome' to base url 'https://www.google.com'.</msg>
<arg>${URL}</arg>
<arg>${BROWSER}</arg>
<arg>options=${chrome_options}</arg>
<doc>Opens a new browser instance to the optional ``url``.</doc>
<status status="PASS" start="2025-07-15T11:20:13.252411" elapsed="1.636220"/>
</kw>
<kw name="Set Window Size" owner="SeleniumLibrary">
<arg>1920</arg>
<arg>1080</arg>
<doc>Sets current windows size to given ``width`` and ``height``.</doc>
<status status="PASS" start="2025-07-15T11:20:14.889011" elapsed="0.425405"/>
</kw>
<status status="PASS" start="2025-07-15T11:20:13.251529" elapsed="2.062992"/>
</kw>
<kw name="Title Should Be" owner="SeleniumLibrary">
<msg time="2025-07-15T11:20:15.317759" level="INFO">Page title is 'Google'.</msg>
<arg>Google</arg>
<doc>Verifies that the current page title equals ``title``.</doc>
<status status="PASS" start="2025-07-15T11:20:15.314643" elapsed="0.003187"/>
</kw>
<kw name="Capture Page Screenshot With Name" owner="keywords">
<kw name="Get Current Date" owner="DateTime">
<msg time="2025-07-15T11:20:15.318454" level="INFO">${timestamp} = 20250715_112015</msg>
<var>${timestamp}</var>
<arg>result_format=%Y%m%d_%H%M%S</arg>
<doc>Returns current local or UTC time with an optional increment.</doc>
<status status="PASS" start="2025-07-15T11:20:15.318259" elapsed="0.000224"/>
</kw>
<kw name="Set Variable" owner="BuiltIn">
<msg time="2025-07-15T11:20:15.318753" level="INFO">${filename} = TC10010_20250715_112015.png</msg>
<var>${filename}</var>
<arg>${test_case_name}_${timestamp}.png</arg>
<doc>Returns the given values which can then be assigned to a variables.</doc>
<status status="PASS" start="2025-07-15T11:20:15.318585" elapsed="0.000194"/>
</kw>
<kw name="Log" owner="BuiltIn">
<msg time="2025-07-15T11:20:15.318979" level="INFO">Capturing screenshot: TC10010_20250715_112015.png</msg>
<arg>Capturing screenshot: ${filename}</arg>
<doc>Logs the given message with the given level.</doc>
<status status="PASS" start="2025-07-15T11:20:15.318874" elapsed="0.000142"/>
</kw>
<kw name="Capture Page Screenshot" owner="SeleniumLibrary">
<msg time="2025-07-15T11:20:15.609431" level="INFO" html="true">&lt;/td&gt;&lt;/tr&gt;&lt;tr&gt;&lt;td colspan="3"&gt;&lt;a href="TC10010_20250715_112015.png"&gt;&lt;img src="TC10010_20250715_112015.png" width="800px"&gt;&lt;/a&gt;</msg>
<arg>${filename}</arg>
<doc>Takes a screenshot of the current page and embeds it into a log file.</doc>
<status status="PASS" start="2025-07-15T11:20:15.319108" elapsed="0.290423"/>
</kw>
<arg>TC10010</arg>
<status status="PASS" start="2025-07-15T11:20:15.318016" elapsed="0.291596"/>
</kw>
<kw name="Close Browser" owner="SeleniumLibrary">
<doc>Closes the current browser.</doc>
<status status="PASS" start="2025-07-15T11:20:15.609711" elapsed="2.176132"/>
</kw>
<doc>Test case to search Google and verify results</doc>
<tag>Check</tag>
<status status="PASS" start="2025-07-15T11:20:13.250866" elapsed="4.535619"/>
</test>
<status status="FAIL" start="2025-07-15T11:13:56.748134" elapsed="381.040057"/>
</suite>
<statistics>
<total>
<stat pass="2" fail="1" skip="0">All Tests</stat>
</total>
<tag>
<stat pass="1" fail="0" skip="0">Check</stat>
<stat pass="1" fail="1" skip="0">search</stat>
</tag>
<suite>
<stat name="Testsuit1" id="s1" pass="2" fail="1" skip="0">Testsuit1</stat>
</suite>
</statistics>
<errors>
</errors>
</robot>
